/var/spool/slurmd/job6190266/slurm_script: line 15: venv/bin/activate: No such file or directory
2022-09-22 10:35:22.121879: I tensorflow/core/platform/cpu_feature_guard.cc:193] This TensorFlow binary is optimized with oneAPI Deep Neural Network Library (oneDNN) to use the following CPU instructions in performance-critical operations:  AVX2 AVX512F FMA
To enable them in other operations, rebuild TensorFlow with the appropriate compiler flags.
2022-09-22 10:35:24.046235: E tensorflow/stream_executor/cuda/cuda_blas.cc:2981] Unable to register cuBLAS factory: Attempting to register factory for plugin cuBLAS when one has already been registered
2022-09-22 10:35:28.894673: W tensorflow/stream_executor/platform/default/dso_loader.cc:64] Could not load dynamic library 'libnvinfer.so.7'; dlerror: libnvinfer.so.7: cannot open shared object file: No such file or directory; LD_LIBRARY_PATH: /gpfs/runtime/opt/python/3.9.0/lib:/gpfs/runtime/opt/gcc/10.2/lib64:/gpfs/runtime/opt/ffmpeg/3.2.4/lib:/gpfs/runtime/opt/cudnn/8.2.0/lib64:/gpfs/runtime/opt/cuda/11.3.1/cuda/lib64:/gpfs/runtime/opt/cuda/11.3.1/src/lib64:/gpfs/runtime/opt/intel/2017.0/lib/intel64/:/gpfs/runtime/opt/intel/2017.0/mkl/lib/intel64:/gpfs/runtime/opt/java/8u111/jre/lib/amd64
2022-09-22 10:35:28.894943: W tensorflow/stream_executor/platform/default/dso_loader.cc:64] Could not load dynamic library 'libnvinfer_plugin.so.7'; dlerror: libnvinfer_plugin.so.7: cannot open shared object file: No such file or directory; LD_LIBRARY_PATH: /gpfs/runtime/opt/python/3.9.0/lib:/gpfs/runtime/opt/gcc/10.2/lib64:/gpfs/runtime/opt/ffmpeg/3.2.4/lib:/gpfs/runtime/opt/cudnn/8.2.0/lib64:/gpfs/runtime/opt/cuda/11.3.1/cuda/lib64:/gpfs/runtime/opt/cuda/11.3.1/src/lib64:/gpfs/runtime/opt/intel/2017.0/lib/intel64/:/gpfs/runtime/opt/intel/2017.0/mkl/lib/intel64:/gpfs/runtime/opt/java/8u111/jre/lib/amd64
2022-09-22 10:35:28.894960: W tensorflow/compiler/tf2tensorrt/utils/py_utils.cc:38] TF-TRT Warning: Cannot dlopen some TensorRT libraries. If you would like to use Nvidia GPU with TensorRT, please make sure the missing libraries mentioned above are installed properly.
2022-09-22 10:35:37.571358: I tensorflow/core/platform/cpu_feature_guard.cc:193] This TensorFlow binary is optimized with oneAPI Deep Neural Network Library (oneDNN) to use the following CPU instructions in performance-critical operations:  AVX2 AVX512F FMA
To enable them in other operations, rebuild TensorFlow with the appropriate compiler flags.
2022-09-22 10:35:40.033181: I tensorflow/core/common_runtime/gpu/gpu_device.cc:1616] Created device /job:localhost/replica:0/task:0/device:GPU:0 with 10524 MB memory:  -> device: 0, name: NVIDIA TITAN V, pci bus id: 0000:af:00.0, compute capability: 7.0
/gpfs/data/tserre/ssunda11/IRL/factored_rep/factored-reps/venv/lib/python3.9/site-packages/tensorflow/python/data/ops/structured_function.py:264: UserWarning: Even though the `tf.config.experimental_run_functions_eagerly` option is set, this option does not apply to tf.data functions. To force eager execution of tf.data functions, please use `tf.data.experimental.enable_debug_mode()`.
  warnings.warn(
2022-09-22 10:35:41.513888: I tensorflow/stream_executor/cuda/cuda_dnn.cc:384] Loaded cuDNN version 8200
/gpfs/data/tserre/ssunda11/IRL/factored_rep/factored-reps/dreamerv2/dreamerv2/train.py:352: FutureWarning: The frame.append method is deprecated and will be removed from pandas in a future version. Use pandas.concat instead.
  step_reward_tracker = step_reward_tracker.append(metrics_history, ignore_index = True)
/gpfs/data/tserre/ssunda11/IRL/factored_rep/factored-reps/dreamerv2/dreamerv2/train.py:352: FutureWarning: The frame.append method is deprecated and will be removed from pandas in a future version. Use pandas.concat instead.
  step_reward_tracker = step_reward_tracker.append(metrics_history, ignore_index = True)
/gpfs/data/tserre/ssunda11/IRL/factored_rep/factored-reps/dreamerv2/dreamerv2/train.py:352: FutureWarning: The frame.append method is deprecated and will be removed from pandas in a future version. Use pandas.concat instead.
  step_reward_tracker = step_reward_tracker.append(metrics_history, ignore_index = True)
/gpfs/data/tserre/ssunda11/IRL/factored_rep/factored-reps/dreamerv2/dreamerv2/train.py:352: FutureWarning: The frame.append method is deprecated and will be removed from pandas in a future version. Use pandas.concat instead.
  step_reward_tracker = step_reward_tracker.append(metrics_history, ignore_index = True)
/gpfs/data/tserre/ssunda11/IRL/factored_rep/factored-reps/dreamerv2/dreamerv2/train.py:352: FutureWarning: The frame.append method is deprecated and will be removed from pandas in a future version. Use pandas.concat instead.
  step_reward_tracker = step_reward_tracker.append(metrics_history, ignore_index = True)
/gpfs/data/tserre/ssunda11/IRL/factored_rep/factored-reps/dreamerv2/dreamerv2/train.py:352: FutureWarning: The frame.append method is deprecated and will be removed from pandas in a future version. Use pandas.concat instead.
  step_reward_tracker = step_reward_tracker.append(metrics_history, ignore_index = True)
/gpfs/data/tserre/ssunda11/IRL/factored_rep/factored-reps/dreamerv2/dreamerv2/train.py:352: FutureWarning: The frame.append method is deprecated and will be removed from pandas in a future version. Use pandas.concat instead.
  step_reward_tracker = step_reward_tracker.append(metrics_history, ignore_index = True)
/gpfs/data/tserre/ssunda11/IRL/factored_rep/factored-reps/dreamerv2/dreamerv2/train.py:352: FutureWarning: The frame.append method is deprecated and will be removed from pandas in a future version. Use pandas.concat instead.
  step_reward_tracker = step_reward_tracker.append(metrics_history, ignore_index = True)
/gpfs/data/tserre/ssunda11/IRL/factored_rep/factored-reps/dreamerv2/dreamerv2/train.py:352: FutureWarning: The frame.append method is deprecated and will be removed from pandas in a future version. Use pandas.concat instead.
  step_reward_tracker = step_reward_tracker.append(metrics_history, ignore_index = True)
/gpfs/data/tserre/ssunda11/IRL/factored_rep/factored-reps/dreamerv2/dreamerv2/train.py:352: FutureWarning: The frame.append method is deprecated and will be removed from pandas in a future version. Use pandas.concat instead.
  step_reward_tracker = step_reward_tracker.append(metrics_history, ignore_index = True)
/gpfs/data/tserre/ssunda11/IRL/factored_rep/factored-reps/dreamerv2/dreamerv2/train.py:352: FutureWarning: The frame.append method is deprecated and will be removed from pandas in a future version. Use pandas.concat instead.
  step_reward_tracker = step_reward_tracker.append(metrics_history, ignore_index = True)
/gpfs/data/tserre/ssunda11/IRL/factored_rep/factored-reps/dreamerv2/dreamerv2/train.py:352: FutureWarning: The frame.append method is deprecated and will be removed from pandas in a future version. Use pandas.concat instead.
  step_reward_tracker = step_reward_tracker.append(metrics_history, ignore_index = True)
/gpfs/data/tserre/ssunda11/IRL/factored_rep/factored-reps/dreamerv2/dreamerv2/train.py:352: FutureWarning: The frame.append method is deprecated and will be removed from pandas in a future version. Use pandas.concat instead.
  step_reward_tracker = step_reward_tracker.append(metrics_history, ignore_index = True)
/gpfs/data/tserre/ssunda11/IRL/factored_rep/factored-reps/dreamerv2/dreamerv2/train.py:352: FutureWarning: The frame.append method is deprecated and will be removed from pandas in a future version. Use pandas.concat instead.
  step_reward_tracker = step_reward_tracker.append(metrics_history, ignore_index = True)
slurmstepd: error: *** JOB 6190266 ON gpu1202 CANCELLED AT 2022-09-23T10:35:29 DUE TO TIME LIMIT ***
